2015/07/04 15:18:01 [error] [exception.Exception] exception 'Exception' with message 'The filename example.xls is not readable' in C:\xampp\htdocs\anas\protected\extensions\phpexcelreader\excel_reader2.php:985
Stack trace:
#0 C:\xampp\htdocs\anas\protected\extensions\phpexcelreader\excel_reader2.php(929): Spreadsheet_Excel_Reader->read('example.xls')
#1 C:\xampp\htdocs\anas\protected\views\site\import.php(8): Spreadsheet_Excel_Reader->Spreadsheet_Excel_Reader('example.xls')
#2 C:\xampp\htdocs\yii\framework\web\CBaseController.php(126): require('C:\\xampp\\htdocs...')
#3 C:\xampp\htdocs\yii\framework\web\CBaseController.php(95): CBaseController->renderInternal('C:\\xampp\\htdocs...', NULL, true)
#4 C:\xampp\htdocs\yii\framework\web\CController.php(869): CBaseController->renderFile('C:\\xampp\\htdocs...', NULL, true)
#5 C:\xampp\htdocs\yii\framework\web\CController.php(782): CController->renderPartial('import', NULL, true)
#6 C:\xampp\htdocs\anas\protected\controllers\SiteController.php(37): CController->render('import')
#7 C:\xampp\htdocs\yii\framework\web\actions\CInlineAction.php(49): SiteController->actionImport()
#8 C:\xampp\htdocs\yii\framework\web\CController.php(308): CInlineAction->runWithParams(Array)
#9 C:\xampp\htdocs\yii\framework\web\CController.php(286): CController->runAction(Object(CInlineAction))
#10 C:\xampp\htdocs\yii\framework\web\CController.php(265): CController->runActionWithFilters(Object(CInlineAction), Array)
#11 C:\xampp\htdocs\yii\framework\web\CWebApplication.php(282): CController->run('import')
#12 C:\xampp\htdocs\yii\framework\web\CWebApplication.php(141): CWebApplication->runController('site/import')
#13 C:\xampp\htdocs\yii\framework\base\CApplication.php(169): CWebApplication->processRequest()
#14 C:\xampp\htdocs\anas\index.php(13): CApplication->run()
#15 {main}
REQUEST_URI=/anas/index.php?r=site/import
HTTP_REFERER=http://localhost:85/anas/index.php?r=site/index
---
2015/07/04 15:20:58 [error] [php] Undefined offset: 7 (C:\xampp\htdocs\anas\protected\views\site\import.php:13)
Stack trace:
#0 C:\xampp\htdocs\yii\framework\web\CController.php(869): SiteController->renderFile()
#1 C:\xampp\htdocs\yii\framework\web\CController.php(782): SiteController->renderPartial()
#2 C:\xampp\htdocs\anas\protected\controllers\SiteController.php(37): SiteController->render()
#3 C:\xampp\htdocs\yii\framework\web\actions\CInlineAction.php(49): SiteController->actionImport()
#4 C:\xampp\htdocs\yii\framework\web\CController.php(308): CInlineAction->runWithParams()
#5 C:\xampp\htdocs\yii\framework\web\CController.php(286): SiteController->runAction()
#6 C:\xampp\htdocs\yii\framework\web\CController.php(265): SiteController->runActionWithFilters()
#7 C:\xampp\htdocs\yii\framework\web\CWebApplication.php(282): SiteController->run()
#8 C:\xampp\htdocs\yii\framework\web\CWebApplication.php(141): CWebApplication->runController()
#9 C:\xampp\htdocs\yii\framework\base\CApplication.php(169): CWebApplication->processRequest()
#10 C:\xampp\htdocs\anas\index.php(13): CWebApplication->run()
REQUEST_URI=/anas/index.php?r=site/import
in C:\xampp\htdocs\anas\protected\views\site\import.php (13)
in C:\xampp\htdocs\anas\protected\controllers\SiteController.php (37)
in C:\xampp\htdocs\anas\index.php (13)
2015/07/04 15:22:52 [error] [php] Undefined offset: 0 (C:\xampp\htdocs\anas\protected\views\site\import.php:14)
Stack trace:
#0 C:\xampp\htdocs\yii\framework\web\CController.php(869): SiteController->renderFile()
#1 C:\xampp\htdocs\yii\framework\web\CController.php(782): SiteController->renderPartial()
#2 C:\xampp\htdocs\anas\protected\controllers\SiteController.php(37): SiteController->render()
#3 C:\xampp\htdocs\yii\framework\web\actions\CInlineAction.php(49): SiteController->actionImport()
#4 C:\xampp\htdocs\yii\framework\web\CController.php(308): CInlineAction->runWithParams()
#5 C:\xampp\htdocs\yii\framework\web\CController.php(286): SiteController->runAction()
#6 C:\xampp\htdocs\yii\framework\web\CController.php(265): SiteController->runActionWithFilters()
#7 C:\xampp\htdocs\yii\framework\web\CWebApplication.php(282): SiteController->run()
#8 C:\xampp\htdocs\yii\framework\web\CWebApplication.php(141): CWebApplication->runController()
#9 C:\xampp\htdocs\yii\framework\base\CApplication.php(169): CWebApplication->processRequest()
#10 C:\xampp\htdocs\anas\index.php(13): CWebApplication->run()
REQUEST_URI=/anas/index.php?r=site/import
in C:\xampp\htdocs\anas\protected\views\site\import.php (14)
in C:\xampp\htdocs\anas\protected\controllers\SiteController.php (37)
in C:\xampp\htdocs\anas\index.php (13)
2015/07/04 15:23:16 [error] [php] Undefined variable: i (C:\xampp\htdocs\anas\protected\views\site\import.php:9)
Stack trace:
#0 C:\xampp\htdocs\yii\framework\web\CController.php(869): SiteController->renderFile()
#1 C:\xampp\htdocs\yii\framework\web\CController.php(782): SiteController->renderPartial()
#2 C:\xampp\htdocs\anas\protected\controllers\SiteController.php(37): SiteController->render()
#3 C:\xampp\htdocs\yii\framework\web\actions\CInlineAction.php(49): SiteController->actionImport()
#4 C:\xampp\htdocs\yii\framework\web\CController.php(308): CInlineAction->runWithParams()
#5 C:\xampp\htdocs\yii\framework\web\CController.php(286): SiteController->runAction()
#6 C:\xampp\htdocs\yii\framework\web\CController.php(265): SiteController->runActionWithFilters()
#7 C:\xampp\htdocs\yii\framework\web\CWebApplication.php(282): SiteController->run()
#8 C:\xampp\htdocs\yii\framework\web\CWebApplication.php(141): CWebApplication->runController()
#9 C:\xampp\htdocs\yii\framework\base\CApplication.php(169): CWebApplication->processRequest()
#10 C:\xampp\htdocs\anas\index.php(13): CWebApplication->run()
REQUEST_URI=/anas/index.php?r=site/import
in C:\xampp\htdocs\anas\protected\views\site\import.php (9)
in C:\xampp\htdocs\anas\protected\controllers\SiteController.php (37)
in C:\xampp\htdocs\anas\index.php (13)
2015/07/04 15:23:27 [error] [php] Undefined offset: 0 (C:\xampp\htdocs\anas\protected\views\site\import.php:9)
Stack trace:
#0 C:\xampp\htdocs\yii\framework\web\CController.php(869): SiteController->renderFile()
#1 C:\xampp\htdocs\yii\framework\web\CController.php(782): SiteController->renderPartial()
#2 C:\xampp\htdocs\anas\protected\controllers\SiteController.php(37): SiteController->render()
#3 C:\xampp\htdocs\yii\framework\web\actions\CInlineAction.php(49): SiteController->actionImport()
#4 C:\xampp\htdocs\yii\framework\web\CController.php(308): CInlineAction->runWithParams()
#5 C:\xampp\htdocs\yii\framework\web\CController.php(286): SiteController->runAction()
#6 C:\xampp\htdocs\yii\framework\web\CController.php(265): SiteController->runActionWithFilters()
#7 C:\xampp\htdocs\yii\framework\web\CWebApplication.php(282): SiteController->run()
#8 C:\xampp\htdocs\yii\framework\web\CWebApplication.php(141): CWebApplication->runController()
#9 C:\xampp\htdocs\yii\framework\base\CApplication.php(169): CWebApplication->processRequest()
#10 C:\xampp\htdocs\anas\index.php(13): CWebApplication->run()
REQUEST_URI=/anas/index.php?r=site/import
in C:\xampp\htdocs\anas\protected\views\site\import.php (9)
in C:\xampp\htdocs\anas\protected\controllers\SiteController.php (37)
in C:\xampp\htdocs\anas\index.php (13)
2015/07/04 15:25:10 [error] [php] Undefined offset: 10 (C:\xampp\htdocs\anas\protected\views\site\import.php:9)
Stack trace:
#0 C:\xampp\htdocs\yii\framework\web\CController.php(869): SiteController->renderFile()
#1 C:\xampp\htdocs\yii\framework\web\CController.php(782): SiteController->renderPartial()
#2 C:\xampp\htdocs\anas\protected\controllers\SiteController.php(37): SiteController->render()
#3 C:\xampp\htdocs\yii\framework\web\actions\CInlineAction.php(49): SiteController->actionImport()
#4 C:\xampp\htdocs\yii\framework\web\CController.php(308): CInlineAction->runWithParams()
#5 C:\xampp\htdocs\yii\framework\web\CController.php(286): SiteController->runAction()
#6 C:\xampp\htdocs\yii\framework\web\CController.php(265): SiteController->runActionWithFilters()
#7 C:\xampp\htdocs\yii\framework\web\CWebApplication.php(282): SiteController->run()
#8 C:\xampp\htdocs\yii\framework\web\CWebApplication.php(141): CWebApplication->runController()
#9 C:\xampp\htdocs\yii\framework\base\CApplication.php(169): CWebApplication->processRequest()
#10 C:\xampp\htdocs\anas\index.php(13): CWebApplication->run()
REQUEST_URI=/anas/index.php?r=site/import
in C:\xampp\htdocs\anas\protected\views\site\import.php (9)
in C:\xampp\htdocs\anas\protected\controllers\SiteController.php (37)
in C:\xampp\htdocs\anas\index.php (13)
2015/07/04 15:25:58 [error] [php] Undefined offset: 7 (C:\xampp\htdocs\anas\protected\views\site\import.php:9)
Stack trace:
#0 C:\xampp\htdocs\yii\framework\web\CController.php(869): SiteController->renderFile()
#1 C:\xampp\htdocs\yii\framework\web\CController.php(782): SiteController->renderPartial()
#2 C:\xampp\htdocs\anas\protected\controllers\SiteController.php(37): SiteController->render()
#3 C:\xampp\htdocs\yii\framework\web\actions\CInlineAction.php(49): SiteController->actionImport()
#4 C:\xampp\htdocs\yii\framework\web\CController.php(308): CInlineAction->runWithParams()
#5 C:\xampp\htdocs\yii\framework\web\CController.php(286): SiteController->runAction()
#6 C:\xampp\htdocs\yii\framework\web\CController.php(265): SiteController->runActionWithFilters()
#7 C:\xampp\htdocs\yii\framework\web\CWebApplication.php(282): SiteController->run()
#8 C:\xampp\htdocs\yii\framework\web\CWebApplication.php(141): CWebApplication->runController()
#9 C:\xampp\htdocs\yii\framework\base\CApplication.php(169): CWebApplication->processRequest()
#10 C:\xampp\htdocs\anas\index.php(13): CWebApplication->run()
REQUEST_URI=/anas/index.php?r=site/import
in C:\xampp\htdocs\anas\protected\views\site\import.php (9)
in C:\xampp\htdocs\anas\protected\controllers\SiteController.php (37)
in C:\xampp\htdocs\anas\index.php (13)
2015/07/04 15:27:18 [error] [php] Undefined offset: 7 (C:\xampp\htdocs\anas\protected\views\site\import.php:9)
Stack trace:
#0 C:\xampp\htdocs\yii\framework\web\CController.php(869): SiteController->renderFile()
#1 C:\xampp\htdocs\yii\framework\web\CController.php(782): SiteController->renderPartial()
#2 C:\xampp\htdocs\anas\protected\controllers\SiteController.php(37): SiteController->render()
#3 C:\xampp\htdocs\yii\framework\web\actions\CInlineAction.php(49): SiteController->actionImport()
#4 C:\xampp\htdocs\yii\framework\web\CController.php(308): CInlineAction->runWithParams()
#5 C:\xampp\htdocs\yii\framework\web\CController.php(286): SiteController->runAction()
#6 C:\xampp\htdocs\yii\framework\web\CController.php(265): SiteController->runActionWithFilters()
#7 C:\xampp\htdocs\yii\framework\web\CWebApplication.php(282): SiteController->run()
#8 C:\xampp\htdocs\yii\framework\web\CWebApplication.php(141): CWebApplication->runController()
#9 C:\xampp\htdocs\yii\framework\base\CApplication.php(169): CWebApplication->processRequest()
#10 C:\xampp\htdocs\anas\index.php(13): CWebApplication->run()
REQUEST_URI=/anas/index.php?r=site/import
in C:\xampp\htdocs\anas\protected\views\site\import.php (9)
in C:\xampp\htdocs\anas\protected\controllers\SiteController.php (37)
in C:\xampp\htdocs\anas\index.php (13)
2015/07/04 15:27:21 [error] [php] Undefined offset: 7 (C:\xampp\htdocs\anas\protected\views\site\import.php:9)
Stack trace:
#0 C:\xampp\htdocs\yii\framework\web\CController.php(869): SiteController->renderFile()
#1 C:\xampp\htdocs\yii\framework\web\CController.php(782): SiteController->renderPartial()
#2 C:\xampp\htdocs\anas\protected\controllers\SiteController.php(37): SiteController->render()
#3 C:\xampp\htdocs\yii\framework\web\actions\CInlineAction.php(49): SiteController->actionImport()
#4 C:\xampp\htdocs\yii\framework\web\CController.php(308): CInlineAction->runWithParams()
#5 C:\xampp\htdocs\yii\framework\web\CController.php(286): SiteController->runAction()
#6 C:\xampp\htdocs\yii\framework\web\CController.php(265): SiteController->runActionWithFilters()
#7 C:\xampp\htdocs\yii\framework\web\CWebApplication.php(282): SiteController->run()
#8 C:\xampp\htdocs\yii\framework\web\CWebApplication.php(141): CWebApplication->runController()
#9 C:\xampp\htdocs\yii\framework\base\CApplication.php(169): CWebApplication->processRequest()
#10 C:\xampp\htdocs\anas\index.php(13): CWebApplication->run()
REQUEST_URI=/anas/index.php?r=site/import
in C:\xampp\htdocs\anas\protected\views\site\import.php (9)
in C:\xampp\htdocs\anas\protected\controllers\SiteController.php (37)
in C:\xampp\htdocs\anas\index.php (13)
2015/07/04 15:27:44 [error] [php] Undefined offset: 7 (C:\xampp\htdocs\anas\protected\views\site\import.php:9)
Stack trace:
#0 C:\xampp\htdocs\yii\framework\web\CController.php(869): SiteController->renderFile()
#1 C:\xampp\htdocs\yii\framework\web\CController.php(782): SiteController->renderPartial()
#2 C:\xampp\htdocs\anas\protected\controllers\SiteController.php(37): SiteController->render()
#3 C:\xampp\htdocs\yii\framework\web\actions\CInlineAction.php(49): SiteController->actionImport()
#4 C:\xampp\htdocs\yii\framework\web\CController.php(308): CInlineAction->runWithParams()
#5 C:\xampp\htdocs\yii\framework\web\CController.php(286): SiteController->runAction()
#6 C:\xampp\htdocs\yii\framework\web\CController.php(265): SiteController->runActionWithFilters()
#7 C:\xampp\htdocs\yii\framework\web\CWebApplication.php(282): SiteController->run()
#8 C:\xampp\htdocs\yii\framework\web\CWebApplication.php(141): CWebApplication->runController()
#9 C:\xampp\htdocs\yii\framework\base\CApplication.php(169): CWebApplication->processRequest()
#10 C:\xampp\htdocs\anas\index.php(13): CWebApplication->run()
REQUEST_URI=/anas/index.php?r=site/import
in C:\xampp\htdocs\anas\protected\views\site\import.php (9)
in C:\xampp\htdocs\anas\protected\controllers\SiteController.php (37)
in C:\xampp\htdocs\anas\index.php (13)
2015/07/04 15:27:45 [error] [php] Undefined offset: 7 (C:\xampp\htdocs\anas\protected\views\site\import.php:9)
Stack trace:
#0 C:\xampp\htdocs\yii\framework\web\CController.php(869): SiteController->renderFile()
#1 C:\xampp\htdocs\yii\framework\web\CController.php(782): SiteController->renderPartial()
#2 C:\xampp\htdocs\anas\protected\controllers\SiteController.php(37): SiteController->render()
#3 C:\xampp\htdocs\yii\framework\web\actions\CInlineAction.php(49): SiteController->actionImport()
#4 C:\xampp\htdocs\yii\framework\web\CController.php(308): CInlineAction->runWithParams()
#5 C:\xampp\htdocs\yii\framework\web\CController.php(286): SiteController->runAction()
#6 C:\xampp\htdocs\yii\framework\web\CController.php(265): SiteController->runActionWithFilters()
#7 C:\xampp\htdocs\yii\framework\web\CWebApplication.php(282): SiteController->run()
#8 C:\xampp\htdocs\yii\framework\web\CWebApplication.php(141): CWebApplication->runController()
#9 C:\xampp\htdocs\yii\framework\base\CApplication.php(169): CWebApplication->processRequest()
#10 C:\xampp\htdocs\anas\index.php(13): CWebApplication->run()
REQUEST_URI=/anas/index.php?r=site/import
in C:\xampp\htdocs\anas\protected\views\site\import.php (9)
in C:\xampp\htdocs\anas\protected\controllers\SiteController.php (37)
in C:\xampp\htdocs\anas\index.php (13)
2015/07/04 15:27:48 [error] [php] Undefined offset: 7 (C:\xampp\htdocs\anas\protected\views\site\import.php:9)
Stack trace:
#0 C:\xampp\htdocs\yii\framework\web\CController.php(869): SiteController->renderFile()
#1 C:\xampp\htdocs\yii\framework\web\CController.php(782): SiteController->renderPartial()
#2 C:\xampp\htdocs\anas\protected\controllers\SiteController.php(37): SiteController->render()
#3 C:\xampp\htdocs\yii\framework\web\actions\CInlineAction.php(49): SiteController->actionImport()
#4 C:\xampp\htdocs\yii\framework\web\CController.php(308): CInlineAction->runWithParams()
#5 C:\xampp\htdocs\yii\framework\web\CController.php(286): SiteController->runAction()
#6 C:\xampp\htdocs\yii\framework\web\CController.php(265): SiteController->runActionWithFilters()
#7 C:\xampp\htdocs\yii\framework\web\CWebApplication.php(282): SiteController->run()
#8 C:\xampp\htdocs\yii\framework\web\CWebApplication.php(141): CWebApplication->runController()
#9 C:\xampp\htdocs\yii\framework\base\CApplication.php(169): CWebApplication->processRequest()
#10 C:\xampp\htdocs\anas\index.php(13): CWebApplication->run()
REQUEST_URI=/anas/index.php?r=site/import
in C:\xampp\htdocs\anas\protected\views\site\import.php (9)
in C:\xampp\htdocs\anas\protected\controllers\SiteController.php (37)
in C:\xampp\htdocs\anas\index.php (13)
2015/07/04 16:55:58 [warning] [application] Failed to set unsafe attribute "excelfile" of "Excel".
in C:\xampp\htdocs\anas\protected\controllers\SiteController.php (39)
in C:\xampp\htdocs\anas\index.php (13)
2015/07/04 17:05:07 [error] [exception.CHttpException.400] exception 'CHttpException' with message 'Your request is invalid.' in C:\xampp\htdocs\yii\framework\web\CController.php:336
Stack trace:
#0 C:\xampp\htdocs\yii\framework\web\CController.php(309): CController->invalidActionParams(Object(CInlineAction))
#1 C:\xampp\htdocs\yii\framework\web\CController.php(286): CController->runAction(Object(CInlineAction))
#2 C:\xampp\htdocs\yii\framework\web\CController.php(265): CController->runActionWithFilters(Object(CInlineAction), Array)
#3 C:\xampp\htdocs\yii\framework\web\CWebApplication.php(282): CController->run('import')
#4 C:\xampp\htdocs\yii\framework\web\CWebApplication.php(141): CWebApplication->runController('site/import')
#5 C:\xampp\htdocs\yii\framework\base\CApplication.php(169): CWebApplication->processRequest()
#6 C:\xampp\htdocs\anas\index.php(13): CApplication->run()
#7 {main}
REQUEST_URI=/anas/index.php?r=site/import
HTTP_REFERER=http://localhost:85/anas/index.php?r=site/index
---
2015/07/04 17:05:09 [error] [exception.CHttpException.400] exception 'CHttpException' with message 'Your request is invalid.' in C:\xampp\htdocs\yii\framework\web\CController.php:336
Stack trace:
#0 C:\xampp\htdocs\yii\framework\web\CController.php(309): CController->invalidActionParams(Object(CInlineAction))
#1 C:\xampp\htdocs\yii\framework\web\CController.php(286): CController->runAction(Object(CInlineAction))
#2 C:\xampp\htdocs\yii\framework\web\CController.php(265): CController->runActionWithFilters(Object(CInlineAction), Array)
#3 C:\xampp\htdocs\yii\framework\web\CWebApplication.php(282): CController->run('import')
#4 C:\xampp\htdocs\yii\framework\web\CWebApplication.php(141): CWebApplication->runController('site/import')
#5 C:\xampp\htdocs\yii\framework\base\CApplication.php(169): CWebApplication->processRequest()
#6 C:\xampp\htdocs\anas\index.php(13): CApplication->run()
#7 {main}
REQUEST_URI=/anas/index.php?r=site/import
HTTP_REFERER=http://localhost:85/anas/index.php?r=site/import
---
2015/07/04 17:06:12 [warning] [application] Failed to set unsafe attribute "excelfile" of "Excel".
in C:\xampp\htdocs\anas\protected\controllers\SiteController.php (39)
in C:\xampp\htdocs\anas\index.php (13)
2015/07/04 17:06:12 [error] [exception.CHttpException.404] exception 'CHttpException' with message 'The system is unable to find the requested action "daftarhadir".' in C:\xampp\htdocs\yii\framework\web\CController.php:483
Stack trace:
#0 C:\xampp\htdocs\yii\framework\web\CController.php(270): CController->missingAction('daftarhadir')
#1 C:\xampp\htdocs\yii\framework\web\CWebApplication.php(282): CController->run('daftarhadir')
#2 C:\xampp\htdocs\yii\framework\web\CWebApplication.php(141): CWebApplication->runController('site/daftarhadi...')
#3 C:\xampp\htdocs\yii\framework\base\CApplication.php(169): CWebApplication->processRequest()
#4 C:\xampp\htdocs\anas\index.php(13): CApplication->run()
#5 {main}
REQUEST_URI=/anas/index.php?r=site/daftarhadir&path=C%3A%5Cxampp%5Chtdocs%5Canas%5Cprotected%2F..%2Fupload%2FInOutData.xls
HTTP_REFERER=http://localhost:85/anas/index.php?r=site/upload
---
2015/07/04 17:07:00 [warning] [application] Failed to set unsafe attribute "excelfile" of "Excel".
in C:\xampp\htdocs\anas\protected\controllers\SiteController.php (39)
in C:\xampp\htdocs\anas\index.php (13)
2015/07/04 17:15:46 [warning] [application] Failed to set unsafe attribute "excelfile" of "Excel".
in C:\xampp\htdocs\anas\protected\controllers\SiteController.php (39)
in C:\xampp\htdocs\anas\index.php (13)
2015/07/04 17:16:22 [warning] [application] Failed to set unsafe attribute "excelfile" of "Excel".
in C:\xampp\htdocs\anas\protected\controllers\SiteController.php (39)
in C:\xampp\htdocs\anas\index.php (13)
2015/07/04 17:35:21 [warning] [application] Failed to set unsafe attribute "excelfile" of "Excel".
in C:\xampp\htdocs\anas\protected\controllers\SiteController.php (39)
in C:\xampp\htdocs\anas\index.php (13)
2015/07/04 17:38:39 [warning] [application] Failed to set unsafe attribute "excelfile" of "Excel".
in C:\xampp\htdocs\anas\protected\controllers\SiteController.php (39)
in C:\xampp\htdocs\anas\index.php (13)
